<?xml version="1.0" encoding="UTF-8"?>
<!-- Generated by org.testng.reporters.JUnitReportReporter -->
<testsuite hostname="DESKTOP-TOKP5G0" failures="0" tests="1" name="testpckg.testcaseclass" time="30.632" errors="0" timestamp="9 Feb 2020 05:23:35 GMT">
  <testcase classname="testpckg.testcaseclass" name="returnTicket" time="30.632"/>
</testsuite> <!-- testpckg.testcaseclass -->
